TN:
SF:/Users/william/Documents/PROGRAMMING/Capstone/AutoMart/API/app.js
FN:11,(anonymous_0)
FNF:1
FNH:1
FNDA:1,(anonymous_0)
DA:1,1
DA:2,1
DA:4,1
DA:6,1
DA:8,1
DA:9,1
DA:11,1
DA:12,1
DA:13,1
DA:17,1
DA:18,1
DA:21,1
DA:23,1
DA:24,1
DA:26,1
LF:15
LH:15
BRF:0
BRH:0
end_of_record
TN:
SF:/Users/william/Documents/PROGRAMMING/Capstone/AutoMart/API/index.js
FN:4,(anonymous_0)
FN:20,(anonymous_1)
FN:43,(anonymous_2)
FNF:3
FNH:2
FNDA:1,(anonymous_0)
FNDA:0,(anonymous_1)
FNDA:1,(anonymous_2)
DA:1,1
DA:2,1
DA:4,1
DA:5,1
DA:7,1
DA:8,0
DA:11,1
DA:12,1
DA:14,0
DA:17,1
DA:18,1
DA:20,1
DA:21,0
DA:22,0
DA:24,0
DA:25,0
DA:27,0
DA:29,0
DA:30,0
DA:31,0
DA:33,0
DA:34,0
DA:35,0
DA:37,0
DA:40,1
DA:42,1
DA:43,1
DA:44,1
DA:45,1
DA:46,1
DA:48,1
DA:50,1
LF:32
LH:18
BRDA:7,0,0,0
BRDA:7,0,1,1
BRDA:11,1,0,1
BRDA:11,1,1,0
BRDA:17,2,0,1
BRDA:17,2,1,1
BRDA:21,3,0,0
BRDA:21,3,1,0
BRDA:25,4,0,0
BRDA:25,4,1,0
BRDA:27,5,0,0
BRDA:27,5,1,0
BRDA:27,5,2,0
BRDA:45,6,0,0
BRDA:45,6,1,1
BRF:15
BRH:5
end_of_record
TN:
SF:/Users/william/Documents/PROGRAMMING/Capstone/AutoMart/API/controllers/cars.js
FN:3,(anonymous_0)
FNF:1
FNH:0
FNDA:0,(anonymous_0)
DA:1,1
DA:3,1
DA:4,0
LF:3
LH:2
BRF:0
BRH:0
end_of_record
TN:
SF:/Users/william/Documents/PROGRAMMING/Capstone/AutoMart/API/controllers/users.js
FN:4,(anonymous_0)
FN:27,(anonymous_1)
FNF:2
FNH:1
FNDA:1,(anonymous_0)
FNDA:0,(anonymous_1)
DA:1,1
DA:2,1
DA:4,1
DA:5,1
DA:14,1
DA:16,1
DA:18,1
DA:20,1
DA:24,1
DA:27,1
DA:28,0
DA:33,0
DA:35,0
DA:36,0
DA:38,0
DA:40,0
DA:44,0
DA:46,0
DA:50,0
LF:19
LH:10
BRDA:35,0,0,0
BRDA:35,0,1,0
BRF:2
BRH:0
end_of_record
TN:
SF:/Users/william/Documents/PROGRAMMING/Capstone/AutoMart/API/models/cars.js
FN:6,(anonymous_0)
FN:40,(anonymous_1)
FNF:2
FNH:0
FNDA:0,(anonymous_0)
FNDA:0,(anonymous_1)
DA:1,1
DA:3,1
DA:7,0
DA:8,0
DA:9,0
DA:10,0
DA:11,0
DA:12,0
DA:13,0
DA:14,0
DA:15,0
DA:41,0
DA:45,1
LF:13
LH:3
BRF:0
BRH:0
end_of_record
TN:
SF:/Users/william/Documents/PROGRAMMING/Capstone/AutoMart/API/models/users.js
FN:8,(anonymous_0)
FN:18,(anonymous_1)
FN:23,(anonymous_2)
FN:27,(anonymous_3)
FN:34,(anonymous_4)
FN:55,(anonymous_5)
FN:62,(anonymous_6)
FN:66,(anonymous_7)
FNF:8
FNH:8
FNDA:3,(anonymous_0)
FNDA:3,(anonymous_1)
FNDA:3,(anonymous_2)
FNDA:3,(anonymous_3)
FNDA:3,(anonymous_4)
FNDA:2,(anonymous_5)
FNDA:1,(anonymous_6)
FNDA:5,(anonymous_7)
DA:1,1
DA:2,1
DA:5,1
DA:9,3
DA:10,3
DA:11,3
DA:12,3
DA:13,3
DA:14,3
DA:15,3
DA:19,3
DA:20,3
DA:24,3
DA:28,3
DA:29,1
DA:31,2
DA:35,3
DA:37,3
DA:41,3
DA:42,3
DA:44,3
DA:45,1
DA:46,1
DA:49,0
DA:50,0
DA:52,3
DA:56,2
DA:59,2
DA:63,1
DA:67,5
DA:68,5
DA:69,4
DA:72,1
DA:76,1
LF:34
LH:32
BRDA:28,0,0,1
BRDA:28,0,1,2
BRDA:41,1,0,3
BRDA:41,1,1,0
BRDA:44,2,0,1
BRDA:44,2,1,2
BRDA:68,3,0,4
BRDA:68,3,1,1
BRF:8
BRH:7
end_of_record
TN:
SF:/Users/william/Documents/PROGRAMMING/Capstone/AutoMart/API/routers/cars.js
FNF:0
FNH:0
DA:1,1
DA:3,1
DA:4,1
DA:8,1
LF:4
LH:4
BRF:0
BRH:0
end_of_record
TN:
SF:/Users/william/Documents/PROGRAMMING/Capstone/AutoMart/API/routers/users.js
FNF:0
FNH:0
DA:1,1
DA:3,1
DA:5,1
DA:7,1
DA:8,1
DA:10,1
LF:6
LH:6
BRF:0
BRH:0
end_of_record
